{"/Users/christophelazantsy/projet-en-cours/2025/techs/vite/react-projects/my-react-app/src/features/cart/cartDomain.js": {"path":"/Users/christophelazantsy/projet-en-cours/2025/techs/vite/react-projects/my-react-app/src/features/cart/cartDomain.js","statementMap":{"0":{"start":{"line":2,"column":26},"end":{"line":42,"column":null}},"1":{"start":{"line":4,"column":18},"end":{"line":4,"column":null}},"2":{"start":{"line":5,"column":4},"end":{"line":5,"column":null}},"3":{"start":{"line":5,"column":30},"end":{"line":5,"column":null}},"4":{"start":{"line":6,"column":4},"end":{"line":6,"column":null}},"5":{"start":{"line":6,"column":37},"end":{"line":6,"column":null}},"6":{"start":{"line":7,"column":4},"end":{"line":7,"column":null}},"7":{"start":{"line":11,"column":20},"end":{"line":11,"column":null}},"8":{"start":{"line":12,"column":21},"end":{"line":12,"column":null}},"9":{"start":{"line":12,"column":40},"end":{"line":12,"column":83}},"10":{"start":{"line":13,"column":4},"end":{"line":19,"column":null}},"11":{"start":{"line":14,"column":6},"end":{"line":18,"column":null}},"12":{"start":{"line":15,"column":8},"end":{"line":17,"column":null}},"13":{"start":{"line":20,"column":4},"end":{"line":20,"column":null}},"14":{"start":{"line":23,"column":36},"end":{"line":23,"column":79}},"15":{"start":{"line":23,"column":57},"end":{"line":23,"column":78}},"16":{"start":{"line":26,"column":4},"end":{"line":26,"column":null}},"17":{"start":{"line":26,"column":23},"end":{"line":26,"column":null}},"18":{"start":{"line":27,"column":4},"end":{"line":29,"column":null}},"19":{"start":{"line":28,"column":6},"end":{"line":28,"column":null}},"20":{"start":{"line":33,"column":4},"end":{"line":33,"column":68}},"21":{"start":{"line":33,"column":32},"end":{"line":33,"column":64}},"22":{"start":{"line":36,"column":4},"end":{"line":36,"column":55}},"23":{"start":{"line":36,"column":32},"end":{"line":36,"column":51}},"24":{"start":{"line":39,"column":4},"end":{"line":39,"column":39}},"25":{"start":{"line":41,"column":26},"end":{"line":41,"column":42}}},"fnMap":{"0":{"name":"(anonymous_0)","decl":{"start":{"line":3,"column":18},"end":{"line":3,"column":19}},"loc":{"start":{"line":3,"column":31},"end":{"line":8,"column":3}},"line":3},"1":{"name":"(anonymous_1)","decl":{"start":{"line":10,"column":11},"end":{"line":10,"column":12}},"loc":{"start":{"line":10,"column":45},"end":{"line":21,"column":3}},"line":10},"2":{"name":"(anonymous_2)","decl":{"start":{"line":12,"column":32},"end":{"line":12,"column":36}},"loc":{"start":{"line":12,"column":40},"end":{"line":12,"column":83}},"line":12},"3":{"name":"(anonymous_3)","decl":{"start":{"line":14,"column":23},"end":{"line":14,"column":27}},"loc":{"start":{"line":15,"column":8},"end":{"line":17,"column":null}},"line":15},"4":{"name":"(anonymous_4)","decl":{"start":{"line":23,"column":14},"end":{"line":23,"column":15}},"loc":{"start":{"line":23,"column":36},"end":{"line":23,"column":79}},"line":23},"5":{"name":"(anonymous_5)","decl":{"start":{"line":23,"column":49},"end":{"line":23,"column":53}},"loc":{"start":{"line":23,"column":57},"end":{"line":23,"column":78}},"line":23},"6":{"name":"(anonymous_6)","decl":{"start":{"line":25,"column":18},"end":{"line":25,"column":19}},"loc":{"start":{"line":25,"column":50},"end":{"line":30,"column":3}},"line":25},"7":{"name":"(anonymous_7)","decl":{"start":{"line":27,"column":21},"end":{"line":27,"column":25}},"loc":{"start":{"line":28,"column":6},"end":{"line":28,"column":null}},"line":28},"8":{"name":"(anonymous_8)","decl":{"start":{"line":32,"column":18},"end":{"line":32,"column":19}},"loc":{"start":{"line":33,"column":4},"end":{"line":33,"column":68}},"line":33},"9":{"name":"(anonymous_9)","decl":{"start":{"line":33,"column":17},"end":{"line":33,"column":18}},"loc":{"start":{"line":33,"column":32},"end":{"line":33,"column":64}},"line":33},"10":{"name":"(anonymous_10)","decl":{"start":{"line":35,"column":22},"end":{"line":35,"column":23}},"loc":{"start":{"line":36,"column":4},"end":{"line":36,"column":55}},"line":36},"11":{"name":"(anonymous_11)","decl":{"start":{"line":36,"column":17},"end":{"line":36,"column":18}},"loc":{"start":{"line":36,"column":32},"end":{"line":36,"column":51}},"line":36},"12":{"name":"(anonymous_12)","decl":{"start":{"line":38,"column":17},"end":{"line":38,"column":18}},"loc":{"start":{"line":39,"column":4},"end":{"line":39,"column":39}},"line":39},"13":{"name":"(anonymous_13)","decl":{"start":{"line":41,"column":15},"end":{"line":41,"column":16}},"loc":{"start":{"line":41,"column":26},"end":{"line":41,"column":42}},"line":41}},"branchMap":{"0":{"loc":{"start":{"line":5,"column":4},"end":{"line":5,"column":null}},"type":"if","locations":[{"start":{"line":5,"column":4},"end":{"line":5,"column":null}},{"start":{},"end":{}}],"line":5},"1":{"loc":{"start":{"line":6,"column":4},"end":{"line":6,"column":null}},"type":"if","locations":[{"start":{"line":6,"column":4},"end":{"line":6,"column":null}},{"start":{},"end":{}}],"line":6},"2":{"loc":{"start":{"line":10,"column":28},"end":{"line":10,"column":40}},"type":"default-arg","locations":[{"start":{"line":10,"column":39},"end":{"line":10,"column":40}}],"line":10},"3":{"loc":{"start":{"line":13,"column":4},"end":{"line":19,"column":null}},"type":"if","locations":[{"start":{"line":13,"column":4},"end":{"line":19,"column":null}},{"start":{},"end":{}}],"line":13},"4":{"loc":{"start":{"line":15,"column":8},"end":{"line":17,"column":null}},"type":"cond-expr","locations":[{"start":{"line":16,"column":12},"end":{"line":16,"column":null}},{"start":{"line":17,"column":12},"end":{"line":17,"column":null}}],"line":15},"5":{"loc":{"start":{"line":26,"column":4},"end":{"line":26,"column":null}},"type":"if","locations":[{"start":{"line":26,"column":4},"end":{"line":26,"column":null}},{"start":{},"end":{}}],"line":26},"6":{"loc":{"start":{"line":28,"column":6},"end":{"line":28,"column":null}},"type":"cond-expr","locations":[{"start":{"line":28,"column":30},"end":{"line":28,"column":51}},{"start":{"line":28,"column":54},"end":{"line":28,"column":null}}],"line":28}},"s":{"0":4,"1":26,"2":26,"3":13,"4":26,"5":10,"6":26,"7":14,"8":14,"9":6,"10":14,"11":2,"12":2,"13":12,"14":4,"15":5,"16":3,"17":1,"18":2,"19":2,"20":5,"21":7,"22":3,"23":4,"24":3,"25":4},"f":{"0":26,"1":14,"2":6,"3":2,"4":4,"5":5,"6":3,"7":2,"8":5,"9":7,"10":3,"11":4,"12":3,"13":4},"b":{"0":[13,13],"1":[10,16],"2":[14],"3":[2,12],"4":[2,0],"5":[1,2],"6":[2,0]},"meta":{"lastBranch":7,"lastFunction":14,"lastStatement":26,"seen":{"s:2:26:42:Infinity":0,"f:3:18:3:19":0,"s:4:18:4:Infinity":1,"b:5:4:5:Infinity:undefined:undefined:undefined:undefined":0,"s:5:4:5:Infinity":2,"s:5:30:5:Infinity":3,"b:6:4:6:Infinity:undefined:undefined:undefined:undefined":1,"s:6:4:6:Infinity":4,"s:6:37:6:Infinity":5,"s:7:4:7:Infinity":6,"f:10:11:10:12":1,"b:10:39:10:40":2,"s:11:20:11:Infinity":7,"s:12:21:12:Infinity":8,"f:12:32:12:36":2,"s:12:40:12:83":9,"b:13:4:19:Infinity:undefined:undefined:undefined:undefined":3,"s:13:4:19:Infinity":10,"s:14:6:18:Infinity":11,"f:14:23:14:27":3,"s:15:8:17:Infinity":12,"b:16:12:16:Infinity:17:12:17:Infinity":4,"s:20:4:20:Infinity":13,"f:23:14:23:15":4,"s:23:36:23:79":14,"f:23:49:23:53":5,"s:23:57:23:78":15,"f:25:18:25:19":6,"b:26:4:26:Infinity:undefined:undefined:undefined:undefined":5,"s:26:4:26:Infinity":16,"s:26:23:26:Infinity":17,"s:27:4:29:Infinity":18,"f:27:21:27:25":7,"s:28:6:28:Infinity":19,"b:28:30:28:51:28:54:28:Infinity":6,"f:32:18:32:19":8,"s:33:4:33:68":20,"f:33:17:33:18":9,"s:33:32:33:64":21,"f:35:22:35:23":10,"s:36:4:36:55":22,"f:36:17:36:18":11,"s:36:32:36:51":23,"f:38:17:38:18":12,"s:39:4:39:39":24,"f:41:15:41:16":13,"s:41:26:41:42":25}}}
,"/Users/christophelazantsy/projet-en-cours/2025/techs/vite/react-projects/my-react-app/src/features/cart/cartSelectors.js": {"path":"/Users/christophelazantsy/projet-en-cours/2025/techs/vite/react-projects/my-react-app/src/features/cart/cartSelectors.js","statementMap":{"0":{"start":{"line":3,"column":31},"end":{"line":3,"column":null}},"1":{"start":{"line":3,"column":42},"end":{"line":3,"column":null}},"2":{"start":{"line":4,"column":31},"end":{"line":4,"column":null}},"3":{"start":{"line":4,"column":42},"end":{"line":4,"column":null}},"4":{"start":{"line":5,"column":35},"end":{"line":5,"column":null}},"5":{"start":{"line":5,"column":46},"end":{"line":5,"column":null}},"6":{"start":{"line":6,"column":37},"end":{"line":6,"column":null}},"7":{"start":{"line":6,"column":48},"end":{"line":6,"column":null}},"8":{"start":{"line":7,"column":32},"end":{"line":10,"column":null}},"9":{"start":{"line":8,"column":16},"end":{"line":8,"column":null}},"10":{"start":{"line":9,"column":2},"end":{"line":9,"column":null}},"11":{"start":{"line":11,"column":33},"end":{"line":11,"column":null}},"12":{"start":{"line":11,"column":44},"end":{"line":11,"column":null}}},"fnMap":{"0":{"name":"(anonymous_0)","decl":{"start":{"line":3,"column":31},"end":{"line":3,"column":32}},"loc":{"start":{"line":3,"column":42},"end":{"line":3,"column":null}},"line":3},"1":{"name":"(anonymous_1)","decl":{"start":{"line":4,"column":31},"end":{"line":4,"column":32}},"loc":{"start":{"line":4,"column":42},"end":{"line":4,"column":null}},"line":4},"2":{"name":"(anonymous_2)","decl":{"start":{"line":5,"column":35},"end":{"line":5,"column":36}},"loc":{"start":{"line":5,"column":46},"end":{"line":5,"column":null}},"line":5},"3":{"name":"(anonymous_3)","decl":{"start":{"line":6,"column":37},"end":{"line":6,"column":38}},"loc":{"start":{"line":6,"column":48},"end":{"line":6,"column":null}},"line":6},"4":{"name":"(anonymous_4)","decl":{"start":{"line":7,"column":32},"end":{"line":7,"column":33}},"loc":{"start":{"line":7,"column":43},"end":{"line":10,"column":null}},"line":7},"5":{"name":"(anonymous_5)","decl":{"start":{"line":11,"column":33},"end":{"line":11,"column":34}},"loc":{"start":{"line":11,"column":44},"end":{"line":11,"column":null}},"line":11}},"branchMap":{},"s":{"0":1,"1":1,"2":1,"3":1,"4":1,"5":1,"6":1,"7":0,"8":1,"9":1,"10":1,"11":1,"12":2},"f":{"0":1,"1":1,"2":1,"3":0,"4":1,"5":2},"b":{},"meta":{"lastBranch":0,"lastFunction":6,"lastStatement":13,"seen":{"s:3:31:3:Infinity":0,"f:3:31:3:32":0,"s:3:42:3:Infinity":1,"s:4:31:4:Infinity":2,"f:4:31:4:32":1,"s:4:42:4:Infinity":3,"s:5:35:5:Infinity":4,"f:5:35:5:36":2,"s:5:46:5:Infinity":5,"s:6:37:6:Infinity":6,"f:6:37:6:38":3,"s:6:48:6:Infinity":7,"s:7:32:10:Infinity":8,"f:7:32:7:33":4,"s:8:16:8:Infinity":9,"s:9:2:9:Infinity":10,"s:11:33:11:Infinity":11,"f:11:33:11:34":5,"s:11:44:11:Infinity":12}}}
,"/Users/christophelazantsy/projet-en-cours/2025/techs/vite/react-projects/my-react-app/src/features/cart/cartSlice.js": {"path":"/Users/christophelazantsy/projet-en-cours/2025/techs/vite/react-projects/my-react-app/src/features/cart/cartSlice.js","statementMap":{"0":{"start":{"line":4,"column":21},"end":{"line":7,"column":null}},"1":{"start":{"line":9,"column":24},"end":{"line":32,"column":null}},"2":{"start":{"line":14,"column":36},"end":{"line":14,"column":null}},"3":{"start":{"line":15,"column":6},"end":{"line":15,"column":null}},"4":{"start":{"line":18,"column":6},"end":{"line":18,"column":null}},"5":{"start":{"line":21,"column":38},"end":{"line":21,"column":null}},"6":{"start":{"line":22,"column":6},"end":{"line":22,"column":null}},"7":{"start":{"line":25,"column":6},"end":{"line":25,"column":null}},"8":{"start":{"line":28,"column":6},"end":{"line":28,"column":null}},"9":{"start":{"line":29,"column":6},"end":{"line":29,"column":null}},"10":{"start":{"line":34,"column":91},"end":{"line":34,"column":null}}},"fnMap":{"0":{"name":"(anonymous_0)","decl":{"start":{"line":13,"column":15},"end":{"line":13,"column":16}},"loc":{"start":{"line":13,"column":34},"end":{"line":16,"column":5}},"line":13},"1":{"name":"(anonymous_1)","decl":{"start":{"line":17,"column":20},"end":{"line":17,"column":21}},"loc":{"start":{"line":17,"column":39},"end":{"line":19,"column":5}},"line":17},"2":{"name":"(anonymous_2)","decl":{"start":{"line":20,"column":24},"end":{"line":20,"column":25}},"loc":{"start":{"line":20,"column":43},"end":{"line":23,"column":5}},"line":20},"3":{"name":"(anonymous_3)","decl":{"start":{"line":24,"column":19},"end":{"line":24,"column":20}},"loc":{"start":{"line":24,"column":38},"end":{"line":26,"column":5}},"line":24},"4":{"name":"(anonymous_4)","decl":{"start":{"line":27,"column":15},"end":{"line":27,"column":16}},"loc":{"start":{"line":27,"column":26},"end":{"line":30,"column":5}},"line":27}},"branchMap":{},"s":{"0":2,"1":2,"2":5,"3":5,"4":1,"5":1,"6":1,"7":1,"8":1,"9":1,"10":2},"f":{"0":5,"1":1,"2":1,"3":1,"4":1},"b":{},"meta":{"lastBranch":0,"lastFunction":5,"lastStatement":11,"seen":{"s:4:21:7:Infinity":0,"s:9:24:32:Infinity":1,"f:13:15:13:16":0,"s:14:36:14:Infinity":2,"s:15:6:15:Infinity":3,"f:17:20:17:21":1,"s:18:6:18:Infinity":4,"f:20:24:20:25":2,"s:21:38:21:Infinity":5,"s:22:6:22:Infinity":6,"f:24:19:24:20":3,"s:25:6:25:Infinity":7,"f:27:15:27:16":4,"s:28:6:28:Infinity":8,"s:29:6:29:Infinity":9,"s:34:91:34:Infinity":10}}}
,"/Users/christophelazantsy/projet-en-cours/2025/techs/vite/react-projects/my-react-app/src/features/products/productsDomain.js": {"path":"/Users/christophelazantsy/projet-en-cours/2025/techs/vite/react-projects/my-react-app/src/features/products/productsDomain.js","statementMap":{"0":{"start":{"line":2,"column":30},"end":{"line":19,"column":null}},"1":{"start":{"line":4,"column":4},"end":{"line":4,"column":71}},"2":{"start":{"line":4,"column":36},"end":{"line":4,"column":59}},"3":{"start":{"line":7,"column":4},"end":{"line":7,"column":58}},"4":{"start":{"line":7,"column":25},"end":{"line":7,"column":57}},"5":{"start":{"line":10,"column":4},"end":{"line":10,"column":76}},"6":{"start":{"line":10,"column":25},"end":{"line":10,"column":75}},"7":{"start":{"line":13,"column":4},"end":{"line":13,"column":83}},"8":{"start":{"line":13,"column":33},"end":{"line":13,"column":82}},"9":{"start":{"line":15,"column":26},"end":{"line":15,"column":43}},"10":{"start":{"line":18,"column":4},"end":{"line":18,"column":66}}},"fnMap":{"0":{"name":"(anonymous_0)","decl":{"start":{"line":3,"column":20},"end":{"line":3,"column":21}},"loc":{"start":{"line":4,"column":4},"end":{"line":4,"column":71}},"line":4},"1":{"name":"(anonymous_1)","decl":{"start":{"line":4,"column":31},"end":{"line":4,"column":32}},"loc":{"start":{"line":4,"column":36},"end":{"line":4,"column":59}},"line":4},"2":{"name":"(anonymous_2)","decl":{"start":{"line":6,"column":22},"end":{"line":6,"column":23}},"loc":{"start":{"line":7,"column":4},"end":{"line":7,"column":58}},"line":7},"3":{"name":"(anonymous_3)","decl":{"start":{"line":7,"column":20},"end":{"line":7,"column":21}},"loc":{"start":{"line":7,"column":25},"end":{"line":7,"column":57}},"line":7},"4":{"name":"(anonymous_4)","decl":{"start":{"line":9,"column":16},"end":{"line":9,"column":17}},"loc":{"start":{"line":10,"column":4},"end":{"line":10,"column":76}},"line":10},"5":{"name":"(anonymous_5)","decl":{"start":{"line":10,"column":20},"end":{"line":10,"column":21}},"loc":{"start":{"line":10,"column":25},"end":{"line":10,"column":75}},"line":10},"6":{"name":"(anonymous_6)","decl":{"start":{"line":12,"column":15},"end":{"line":12,"column":16}},"loc":{"start":{"line":13,"column":4},"end":{"line":13,"column":83}},"line":13},"7":{"name":"(anonymous_7)","decl":{"start":{"line":13,"column":23},"end":{"line":13,"column":24}},"loc":{"start":{"line":13,"column":33},"end":{"line":13,"column":82}},"line":13},"8":{"name":"(anonymous_8)","decl":{"start":{"line":15,"column":13},"end":{"line":15,"column":14}},"loc":{"start":{"line":15,"column":26},"end":{"line":15,"column":43}},"line":15},"9":{"name":"(anonymous_9)","decl":{"start":{"line":17,"column":16},"end":{"line":17,"column":17}},"loc":{"start":{"line":18,"column":4},"end":{"line":18,"column":66}},"line":18}},"branchMap":{"0":{"loc":{"start":{"line":4,"column":4},"end":{"line":4,"column":71}},"type":"cond-expr","locations":[{"start":{"line":4,"column":15},"end":{"line":4,"column":60}},{"start":{"line":4,"column":63},"end":{"line":4,"column":71}}],"line":4},"1":{"loc":{"start":{"line":7,"column":25},"end":{"line":7,"column":57}},"type":"binary-expr","locations":[{"start":{"line":7,"column":25},"end":{"line":7,"column":39}},{"start":{"line":7,"column":43},"end":{"line":7,"column":57}}],"line":7},"2":{"loc":{"start":{"line":12,"column":26},"end":{"line":12,"column":42}},"type":"default-arg","locations":[{"start":{"line":12,"column":38},"end":{"line":12,"column":42}}],"line":12},"3":{"loc":{"start":{"line":13,"column":33},"end":{"line":13,"column":82}},"type":"cond-expr","locations":[{"start":{"line":13,"column":45},"end":{"line":13,"column":62}},{"start":{"line":13,"column":65},"end":{"line":13,"column":82}}],"line":13},"4":{"loc":{"start":{"line":18,"column":4},"end":{"line":18,"column":66}},"type":"binary-expr","locations":[{"start":{"line":18,"column":4},"end":{"line":18,"column":37}},{"start":{"line":18,"column":41},"end":{"line":18,"column":66}}],"line":18}},"s":{"0":2,"1":4,"2":9,"3":3,"4":8,"5":4,"6":10,"7":2,"8":4,"9":5,"10":3},"f":{"0":4,"1":9,"2":3,"3":8,"4":4,"5":10,"6":2,"7":4,"8":5,"9":3},"b":{"0":[3,1],"1":[8,6],"2":[2],"3":[2,2],"4":[3,2]},"meta":{"lastBranch":5,"lastFunction":10,"lastStatement":11,"seen":{"s:2:30:19:Infinity":0,"f:3:20:3:21":0,"s:4:4:4:71":1,"b:4:15:4:60:4:63:4:71":0,"f:4:31:4:32":1,"s:4:36:4:59":2,"f:6:22:6:23":2,"s:7:4:7:58":3,"f:7:20:7:21":3,"s:7:25:7:57":4,"b:7:25:7:39:7:43:7:57":1,"f:9:16:9:17":4,"s:10:4:10:76":5,"f:10:20:10:21":5,"s:10:25:10:75":6,"f:12:15:12:16":6,"s:13:4:13:83":7,"b:12:38:12:42":2,"f:13:23:13:24":7,"s:13:33:13:82":8,"b:13:45:13:62:13:65:13:82":3,"f:15:13:15:14":8,"s:15:26:15:43":9,"f:17:16:17:17":9,"s:18:4:18:66":10,"b:18:4:18:37:18:41:18:66":4}}}
,"/Users/christophelazantsy/projet-en-cours/2025/techs/vite/react-projects/my-react-app/src/features/products/productsSelectors.js": {"path":"/Users/christophelazantsy/projet-en-cours/2025/techs/vite/react-projects/my-react-app/src/features/products/productsSelectors.js","statementMap":{"0":{"start":{"line":4,"column":33},"end":{"line":4,"column":null}},"1":{"start":{"line":4,"column":44},"end":{"line":4,"column":null}},"2":{"start":{"line":5,"column":29},"end":{"line":5,"column":null}},"3":{"start":{"line":5,"column":40},"end":{"line":5,"column":null}},"4":{"start":{"line":7,"column":37},"end":{"line":30,"column":null}},"5":{"start":{"line":10,"column":19},"end":{"line":10,"column":null}},"6":{"start":{"line":12,"column":4},"end":{"line":14,"column":null}},"7":{"start":{"line":13,"column":6},"end":{"line":13,"column":null}},"8":{"start":{"line":16,"column":4},"end":{"line":22,"column":null}},"9":{"start":{"line":17,"column":6},"end":{"line":21,"column":null}},"10":{"start":{"line":24,"column":4},"end":{"line":26,"column":null}},"11":{"start":{"line":25,"column":6},"end":{"line":25,"column":null}},"12":{"start":{"line":28,"column":4},"end":{"line":28,"column":null}}},"fnMap":{"0":{"name":"(anonymous_0)","decl":{"start":{"line":4,"column":33},"end":{"line":4,"column":34}},"loc":{"start":{"line":4,"column":44},"end":{"line":4,"column":null}},"line":4},"1":{"name":"(anonymous_1)","decl":{"start":{"line":5,"column":29},"end":{"line":5,"column":30}},"loc":{"start":{"line":5,"column":40},"end":{"line":5,"column":null}},"line":5},"2":{"name":"(anonymous_2)","decl":{"start":{"line":9,"column":2},"end":{"line":9,"column":3}},"loc":{"start":{"line":9,"column":25},"end":{"line":29,"column":null}},"line":9}},"branchMap":{"0":{"loc":{"start":{"line":12,"column":4},"end":{"line":14,"column":null}},"type":"if","locations":[{"start":{"line":12,"column":4},"end":{"line":14,"column":null}},{"start":{},"end":{}}],"line":12},"1":{"loc":{"start":{"line":16,"column":4},"end":{"line":22,"column":null}},"type":"if","locations":[{"start":{"line":16,"column":4},"end":{"line":22,"column":null}},{"start":{},"end":{}}],"line":16},"2":{"loc":{"start":{"line":16,"column":8},"end":{"line":16,"column":71}},"type":"binary-expr","locations":[{"start":{"line":16,"column":8},"end":{"line":16,"column":34}},{"start":{"line":16,"column":38},"end":{"line":16,"column":71}}],"line":16},"3":{"loc":{"start":{"line":24,"column":4},"end":{"line":26,"column":null}},"type":"if","locations":[{"start":{"line":24,"column":4},"end":{"line":26,"column":null}},{"start":{},"end":{}}],"line":24}},"s":{"0":1,"1":6,"2":1,"3":6,"4":1,"5":4,"6":4,"7":2,"8":4,"9":2,"10":4,"11":2,"12":4},"f":{"0":6,"1":6,"2":4},"b":{"0":[2,2],"1":[2,2],"2":[4,3],"3":[2,2]},"meta":{"lastBranch":4,"lastFunction":3,"lastStatement":13,"seen":{"s:4:33:4:Infinity":0,"f:4:33:4:34":0,"s:4:44:4:Infinity":1,"s:5:29:5:Infinity":2,"f:5:29:5:30":1,"s:5:40:5:Infinity":3,"s:7:37:30:Infinity":4,"f:9:2:9:3":2,"s:10:19:10:Infinity":5,"b:12:4:14:Infinity:undefined:undefined:undefined:undefined":0,"s:12:4:14:Infinity":6,"s:13:6:13:Infinity":7,"b:16:4:22:Infinity:undefined:undefined:undefined:undefined":1,"s:16:4:22:Infinity":8,"b:16:8:16:34:16:38:16:71":2,"s:17:6:21:Infinity":9,"b:24:4:26:Infinity:undefined:undefined:undefined:undefined":3,"s:24:4:26:Infinity":10,"s:25:6:25:Infinity":11,"s:28:4:28:Infinity":12}}}
,"/Users/christophelazantsy/projet-en-cours/2025/techs/vite/react-projects/my-react-app/src/features/products/productsSlice.js": {"path":"/Users/christophelazantsy/projet-en-cours/2025/techs/vite/react-projects/my-react-app/src/features/products/productsSlice.js","statementMap":{"0":{"start":{"line":3,"column":21},"end":{"line":14,"column":null}},"1":{"start":{"line":16,"column":28},"end":{"line":33,"column":null}},"2":{"start":{"line":21,"column":6},"end":{"line":21,"column":null}},"3":{"start":{"line":24,"column":6},"end":{"line":24,"column":null}},"4":{"start":{"line":27,"column":6},"end":{"line":27,"column":null}},"5":{"start":{"line":30,"column":6},"end":{"line":30,"column":null}},"6":{"start":{"line":35,"column":76},"end":{"line":35,"column":null}}},"fnMap":{"0":{"name":"(anonymous_0)","decl":{"start":{"line":20,"column":17},"end":{"line":20,"column":18}},"loc":{"start":{"line":20,"column":36},"end":{"line":22,"column":5}},"line":20},"1":{"name":"(anonymous_1)","decl":{"start":{"line":23,"column":19},"end":{"line":23,"column":20}},"loc":{"start":{"line":23,"column":38},"end":{"line":25,"column":5}},"line":23},"2":{"name":"(anonymous_2)","decl":{"start":{"line":26,"column":20},"end":{"line":26,"column":21}},"loc":{"start":{"line":26,"column":39},"end":{"line":28,"column":5}},"line":26},"3":{"name":"(anonymous_3)","decl":{"start":{"line":29,"column":18},"end":{"line":29,"column":19}},"loc":{"start":{"line":29,"column":29},"end":{"line":31,"column":5}},"line":29}},"branchMap":{},"s":{"0":2,"1":2,"2":1,"3":1,"4":1,"5":1,"6":2},"f":{"0":1,"1":1,"2":1,"3":1},"b":{},"meta":{"lastBranch":0,"lastFunction":4,"lastStatement":7,"seen":{"s:3:21:14:Infinity":0,"s:16:28:33:Infinity":1,"f:20:17:20:18":0,"s:21:6:21:Infinity":2,"f:23:19:23:20":1,"s:24:6:24:Infinity":3,"f:26:20:26:21":2,"s:27:6:27:Infinity":4,"f:29:18:29:19":3,"s:30:6:30:Infinity":5,"s:35:76:35:Infinity":6}}}
,"/Users/christophelazantsy/projet-en-cours/2025/techs/vite/react-projects/my-react-app/src/features/user/userDomain.js": {"path":"/Users/christophelazantsy/projet-en-cours/2025/techs/vite/react-projects/my-react-app/src/features/user/userDomain.js","statementMap":{"0":{"start":{"line":2,"column":26},"end":{"line":16,"column":null}},"1":{"start":{"line":3,"column":28},"end":{"line":3,"column":68}},"2":{"start":{"line":5,"column":34},"end":{"line":5,"column":54}},"3":{"start":{"line":7,"column":29},"end":{"line":7,"column":65}},"4":{"start":{"line":9,"column":27},"end":{"line":9,"column":63}},"5":{"start":{"line":11,"column":25},"end":{"line":11,"column":73}},"6":{"start":{"line":13,"column":42},"end":{"line":13,"column":69}},"7":{"start":{"line":15,"column":36},"end":{"line":15,"column":62}}},"fnMap":{"0":{"name":"(anonymous_0)","decl":{"start":{"line":3,"column":17},"end":{"line":3,"column":18}},"loc":{"start":{"line":3,"column":28},"end":{"line":3,"column":68}},"line":3},"1":{"name":"(anonymous_1)","decl":{"start":{"line":5,"column":20},"end":{"line":5,"column":21}},"loc":{"start":{"line":5,"column":34},"end":{"line":5,"column":54}},"line":5},"2":{"name":"(anonymous_2)","decl":{"start":{"line":7,"column":19},"end":{"line":7,"column":20}},"loc":{"start":{"line":7,"column":29},"end":{"line":7,"column":65}},"line":7},"3":{"name":"(anonymous_3)","decl":{"start":{"line":9,"column":11},"end":{"line":9,"column":12}},"loc":{"start":{"line":9,"column":27},"end":{"line":9,"column":63}},"line":9},"4":{"name":"(anonymous_4)","decl":{"start":{"line":11,"column":15},"end":{"line":11,"column":16}},"loc":{"start":{"line":11,"column":25},"end":{"line":11,"column":73}},"line":11},"5":{"name":"(anonymous_5)","decl":{"start":{"line":13,"column":26},"end":{"line":13,"column":27}},"loc":{"start":{"line":13,"column":42},"end":{"line":13,"column":69}},"line":13},"6":{"name":"(anonymous_6)","decl":{"start":{"line":15,"column":24},"end":{"line":15,"column":25}},"loc":{"start":{"line":15,"column":36},"end":{"line":15,"column":62}},"line":15}},"branchMap":{"0":{"loc":{"start":{"line":7,"column":29},"end":{"line":7,"column":65}},"type":"binary-expr","locations":[{"start":{"line":7,"column":29},"end":{"line":7,"column":42}},{"start":{"line":7,"column":46},"end":{"line":7,"column":65}}],"line":7},"1":{"loc":{"start":{"line":9,"column":27},"end":{"line":9,"column":63}},"type":"binary-expr","locations":[{"start":{"line":9,"column":27},"end":{"line":9,"column":54}},{"start":{"line":9,"column":58},"end":{"line":9,"column":63}}],"line":9},"2":{"loc":{"start":{"line":11,"column":25},"end":{"line":11,"column":73}},"type":"binary-expr","locations":[{"start":{"line":11,"column":25},"end":{"line":11,"column":57}},{"start":{"line":11,"column":61},"end":{"line":11,"column":73}}],"line":11}},"s":{"0":4,"1":5,"2":2,"3":9,"4":3,"5":4,"6":5,"7":4},"f":{"0":5,"1":2,"2":9,"3":3,"4":4,"5":5,"6":4},"b":{"0":[9,6],"1":[3,1],"2":[4,3]},"meta":{"lastBranch":3,"lastFunction":7,"lastStatement":8,"seen":{"s:2:26:16:Infinity":0,"f:3:17:3:18":0,"s:3:28:3:68":1,"f:5:20:5:21":1,"s:5:34:5:54":2,"f:7:19:7:20":2,"s:7:29:7:65":3,"b:7:29:7:42:7:46:7:65":0,"f:9:11:9:12":3,"s:9:27:9:63":4,"b:9:27:9:54:9:58:9:63":1,"f:11:15:11:16":4,"s:11:25:11:73":5,"b:11:25:11:57:11:61:11:73":2,"f:13:26:13:27":5,"s:13:42:13:69":6,"f:15:24:15:25":6,"s:15:36:15:62":7}}}
,"/Users/christophelazantsy/projet-en-cours/2025/techs/vite/react-projects/my-react-app/src/features/user/userSelectors.js": {"path":"/Users/christophelazantsy/projet-en-cours/2025/techs/vite/react-projects/my-react-app/src/features/user/userSelectors.js","statementMap":{"0":{"start":{"line":3,"column":33},"end":{"line":3,"column":null}},"1":{"start":{"line":3,"column":44},"end":{"line":3,"column":null}},"2":{"start":{"line":4,"column":35},"end":{"line":4,"column":null}},"3":{"start":{"line":4,"column":46},"end":{"line":4,"column":null}},"4":{"start":{"line":5,"column":37},"end":{"line":5,"column":null}},"5":{"start":{"line":5,"column":48},"end":{"line":5,"column":null}},"6":{"start":{"line":6,"column":33},"end":{"line":6,"column":null}},"7":{"start":{"line":6,"column":44},"end":{"line":6,"column":null}},"8":{"start":{"line":7,"column":37},"end":{"line":7,"column":null}},"9":{"start":{"line":7,"column":48},"end":{"line":7,"column":null}}},"fnMap":{"0":{"name":"(anonymous_0)","decl":{"start":{"line":3,"column":33},"end":{"line":3,"column":34}},"loc":{"start":{"line":3,"column":44},"end":{"line":3,"column":null}},"line":3},"1":{"name":"(anonymous_1)","decl":{"start":{"line":4,"column":35},"end":{"line":4,"column":36}},"loc":{"start":{"line":4,"column":46},"end":{"line":4,"column":null}},"line":4},"2":{"name":"(anonymous_2)","decl":{"start":{"line":5,"column":37},"end":{"line":5,"column":38}},"loc":{"start":{"line":5,"column":48},"end":{"line":5,"column":null}},"line":5},"3":{"name":"(anonymous_3)","decl":{"start":{"line":6,"column":33},"end":{"line":6,"column":34}},"loc":{"start":{"line":6,"column":44},"end":{"line":6,"column":null}},"line":6},"4":{"name":"(anonymous_4)","decl":{"start":{"line":7,"column":37},"end":{"line":7,"column":38}},"loc":{"start":{"line":7,"column":48},"end":{"line":7,"column":null}},"line":7}},"branchMap":{},"s":{"0":1,"1":1,"2":1,"3":1,"4":1,"5":2,"6":1,"7":1,"8":1,"9":2},"f":{"0":1,"1":1,"2":2,"3":1,"4":2},"b":{},"meta":{"lastBranch":0,"lastFunction":5,"lastStatement":10,"seen":{"s:3:33:3:Infinity":0,"f:3:33:3:34":0,"s:3:44:3:Infinity":1,"s:4:35:4:Infinity":2,"f:4:35:4:36":1,"s:4:46:4:Infinity":3,"s:5:37:5:Infinity":4,"f:5:37:5:38":2,"s:5:48:5:Infinity":5,"s:6:33:6:Infinity":6,"f:6:33:6:34":3,"s:6:44:6:Infinity":7,"s:7:37:7:Infinity":8,"f:7:37:7:38":4,"s:7:48:7:Infinity":9}}}
,"/Users/christophelazantsy/projet-en-cours/2025/techs/vite/react-projects/my-react-app/src/features/user/userSlice.js": {"path":"/Users/christophelazantsy/projet-en-cours/2025/techs/vite/react-projects/my-react-app/src/features/user/userSlice.js","statementMap":{"0":{"start":{"line":4,"column":21},"end":{"line":7,"column":null}},"1":{"start":{"line":9,"column":24},"end":{"line":32,"column":null}},"2":{"start":{"line":14,"column":38},"end":{"line":14,"column":null}},"3":{"start":{"line":15,"column":6},"end":{"line":17,"column":null}},"4":{"start":{"line":16,"column":8},"end":{"line":16,"column":null}},"5":{"start":{"line":20,"column":6},"end":{"line":20,"column":null}},"6":{"start":{"line":23,"column":6},"end":{"line":23,"column":null}},"7":{"start":{"line":26,"column":21},"end":{"line":26,"column":null}},"8":{"start":{"line":27,"column":6},"end":{"line":29,"column":null}},"9":{"start":{"line":28,"column":8},"end":{"line":28,"column":null}},"10":{"start":{"line":34,"column":72},"end":{"line":34,"column":null}}},"fnMap":{"0":{"name":"(anonymous_0)","decl":{"start":{"line":13,"column":11},"end":{"line":13,"column":12}},"loc":{"start":{"line":13,"column":30},"end":{"line":18,"column":5}},"line":13},"1":{"name":"(anonymous_1)","decl":{"start":{"line":19,"column":12},"end":{"line":19,"column":13}},"loc":{"start":{"line":19,"column":23},"end":{"line":21,"column":5}},"line":19},"2":{"name":"(anonymous_2)","decl":{"start":{"line":22,"column":22},"end":{"line":22,"column":23}},"loc":{"start":{"line":22,"column":41},"end":{"line":24,"column":5}},"line":22},"3":{"name":"(anonymous_3)","decl":{"start":{"line":25,"column":25},"end":{"line":25,"column":26}},"loc":{"start":{"line":25,"column":44},"end":{"line":30,"column":5}},"line":25}},"branchMap":{"0":{"loc":{"start":{"line":15,"column":6},"end":{"line":17,"column":null}},"type":"if","locations":[{"start":{"line":15,"column":6},"end":{"line":17,"column":null}},{"start":{},"end":{}}],"line":15},"1":{"loc":{"start":{"line":27,"column":6},"end":{"line":29,"column":null}},"type":"if","locations":[{"start":{"line":27,"column":6},"end":{"line":29,"column":null}},{"start":{},"end":{}}],"line":27}},"s":{"0":2,"1":2,"2":2,"3":2,"4":1,"5":1,"6":3,"7":2,"8":2,"9":1,"10":2},"f":{"0":2,"1":1,"2":3,"3":2},"b":{"0":[1,1],"1":[1,1]},"meta":{"lastBranch":2,"lastFunction":4,"lastStatement":11,"seen":{"s:4:21:7:Infinity":0,"s:9:24:32:Infinity":1,"f:13:11:13:12":0,"s:14:38:14:Infinity":2,"b:15:6:17:Infinity:undefined:undefined:undefined:undefined":0,"s:15:6:17:Infinity":3,"s:16:8:16:Infinity":4,"f:19:12:19:13":1,"s:20:6:20:Infinity":5,"f:22:22:22:23":2,"s:23:6:23:Infinity":6,"f:25:25:25:26":3,"s:26:21:26:Infinity":7,"b:27:6:29:Infinity:undefined:undefined:undefined:undefined":1,"s:27:6:29:Infinity":8,"s:28:8:28:Infinity":9,"s:34:72:34:Infinity":10}}}
}
